
===========================================================================
Model "DREIECK_4" exists. Name "DREIECK_4_1" used instead.
===========================================================================

===========================================================================
Model "BAUGRUPPE_ASM_3" exists. Name "BAUGRUPPE_ASM_3_1" used instead.
===========================================================================

===========================================================================
Model "STAB_3" exists. Name "STAB_3_1" used instead.
===========================================================================

===========================================================================
Model "DECKELWELLE_4" exists. Name "DECKELWELLE_4_1" used instead.
===========================================================================

===========================================================================
Model "UNTERBAUGRUPPE_ASM_3" exists. Name "UNTERBAUGRUPPE_ASM_3_1" used instead.
===========================================================================

===========================================================================
Model "WELLE_6" exists. Name "WELLE_6_1" used instead.
===========================================================================

===========================================================================
Model "DECKEL_3" exists. Name "DECKEL_3_1" used instead.
===========================================================================

===========================================================================
Model "STIFT_3" exists. Name "STIFT_3_1" used instead.
===========================================================================

===========================================================================
Model "KURBEL_1" exists. Name "KURBEL_1_1" used instead.
===========================================================================
